<?xml version="1.0" encoding="UTF-8"?>
<testng-results ignored="0" total="1" passed="1" failed="0" skipped="0">
  <reporter-output>
  </reporter-output>
  <suite started-at="2021-12-06T05:44:02 PST" name="Default suite" finished-at="2021-12-06T05:44:06 PST" duration-ms="3974">
    <groups>
    </groups>
    <test started-at="2021-12-06T05:44:02 PST" name="Default test" finished-at="2021-12-06T05:44:06 PST" duration-ms="3974">
      <class name="apitestcases.GET_Request">
        <test-method signature="getuser()[pri:0, instance:apitestcases.GET_Request@67080771]" started-at="2021-12-06T05:44:02 PST" name="getuser" finished-at="2021-12-06T05:44:06 PST" duration-ms="3885" status="PASS">
          <reporter-output>
          </reporter-output>
        </test-method> <!-- getuser -->
      </class> <!-- apitestcases.GET_Request -->
    </test> <!-- Default test -->
  </suite> <!-- Default suite -->
</testng-results>
